TN:
SF:/Users/jwalsh/Documents/42/red_tetris/src/client/actions/client.js
FN:3,updateHostList
FN:13,updatePlayerName
FN:22,updateSelectedGame
FN:31,updateGameJoined
FN:44,updateGameState
FN:56,updateShadowState
FN:68,updateHostStatus
FN:80,updatePlayerUUID
FN:90,updateError
FN:100,resetState
FN:110,updateGameStart
FN:118,isWinner
FN:127,isWinnerByScore
FNF:13
FNH:0
FNDA:0,updateHostList
FNDA:0,updatePlayerName
FNDA:0,updateSelectedGame
FNDA:0,updateGameJoined
FNDA:0,updateGameState
FNDA:0,updateShadowState
FNDA:0,updateHostStatus
FNDA:0,updatePlayerUUID
FNDA:0,updateError
FNDA:0,resetState
FNDA:0,updateGameStart
FNDA:0,isWinner
FNDA:0,isWinnerByScore
LF:0
LH:0
BRF:0
BRH:0
end_of_record
TN:
SF:/Users/jwalsh/Documents/42/red_tetris/src/client/actions/server.js
FN:3,pingServer
FNF:1
FNH:0
FNDA:0,pingServer
LF:0
LH:0
BRF:0
BRH:0
end_of_record
TN:
SF:/Users/jwalsh/Documents/42/red_tetris/src/client/components/board/board.js
FN:5,board
FN:15,(anonymous_3)
FN:17,(anonymous_4)
FNF:3
FNH:0
FNDA:0,board
FNDA:0,(anonymous_3)
FNDA:0,(anonymous_4)
DA:14,0
DA:28,0
DA:35,0
LF:3
LH:0
BRDA:14,1,0,0
BRDA:14,1,1,0
BRDA:14,2,0,0
BRDA:14,2,1,0
BRDA:28,3,0,0
BRDA:28,3,1,0
BRDA:35,4,0,0
BRDA:35,4,1,0
BRF:8
BRH:0
end_of_record
TN:
SF:/Users/jwalsh/Documents/42/red_tetris/src/client/components/button/button.js
FN:4,button
FNF:1
FNH:0
FNDA:0,button
LF:0
LH:0
BRF:0
BRH:0
end_of_record
TN:
SF:/Users/jwalsh/Documents/42/red_tetris/src/client/components/gameData/gameData.js
FN:5,gameData
FNF:1
FNH:0
FNDA:0,gameData
DA:14,0
LF:1
LH:0
BRDA:14,1,0,0
BRDA:14,1,1,0
BRF:2
BRH:0
end_of_record
TN:
SF:/Users/jwalsh/Documents/42/red_tetris/src/client/components/gameData/nextPieces/nextPieces.js
FN:5,nextPieces
FN:12,(anonymous_3)
FN:13,(anonymous_4)
FN:14,(anonymous_5)
FNF:4
FNH:0
FNDA:0,nextPieces
FNDA:0,(anonymous_3)
FNDA:0,(anonymous_4)
FNDA:0,(anonymous_5)
DA:11,0
LF:1
LH:0
BRDA:11,1,0,0
BRDA:11,1,1,0
BRF:2
BRH:0
end_of_record
TN:
SF:/Users/jwalsh/Documents/42/red_tetris/src/client/components/headerBar/headerBar.js
FN:4,headerBar
FNF:1
FNH:0
FNDA:0,headerBar
LF:0
LH:0
BRF:0
BRH:0
end_of_record
TN:
SF:/Users/jwalsh/Documents/42/red_tetris/src/client/components/hostList/host/host.js
FN:4,host
FNF:1
FNH:0
FNDA:0,host
DA:8,0
LF:1
LH:0
BRDA:8,1,0,0
BRDA:8,1,1,0
BRF:2
BRH:0
end_of_record
TN:
SF:/Users/jwalsh/Documents/42/red_tetris/src/client/components/hostList/hostList.js
FN:10,hostList
FN:14,joinGame
FN:21,createGame
FN:27,(anonymous_6)
FNF:4
FNH:0
FNDA:0,hostList
FNDA:0,joinGame
FNDA:0,createGame
FNDA:0,(anonymous_6)
DA:26,0
LF:1
LH:0
BRDA:26,1,0,0
BRDA:26,1,1,0
BRDA:42,2,0,0
BRDA:42,2,1,0
BRDA:43,3,0,0
BRF:5
BRH:0
end_of_record
TN:
SF:/Users/jwalsh/Documents/42/red_tetris/src/client/components/playerForm/playerForm.js
FN:5,PlayerForm
FN:7,keyboardEvent
FNF:2
FNH:1
FNDA:2,PlayerForm
FNDA:0,keyboardEvent
DA:8,0
LF:1
LH:0
BRDA:8,1,0,0
BRDA:8,1,1,0
BRF:2
BRH:0
end_of_record
TN:
SF:/Users/jwalsh/Documents/42/red_tetris/src/client/components/shadowBoard/shadowBoard.js
FN:4,shadowBoard
FN:17,(anonymous_3)
FN:21,(anonymous_4)
FN:22,(anonymous_5)
FNF:4
FNH:0
FNDA:0,shadowBoard
FNDA:0,(anonymous_3)
FNDA:0,(anonymous_4)
FNDA:0,(anonymous_5)
DA:15,0
LF:1
LH:0
BRDA:15,1,0,0
BRDA:15,1,1,0
BRF:2
BRH:0
end_of_record
TN:
SF:/Users/jwalsh/Documents/42/red_tetris/src/client/components/test.js
FN:3,Tetris
FN:9,Board
FNF:2
FNH:0
FNDA:0,Tetris
FNDA:0,Board
LF:0
LH:0
BRF:0
BRH:0
end_of_record
TN:
SF:/Users/jwalsh/Documents/42/red_tetris/src/client/containers/app/app.js
FN:14,App
FN:18,keyboardEvent
FN:21,(anonymous_5)
FN:62,mapStateToProps
FNF:4
FNH:0
FNDA:0,App
FNDA:0,keyboardEvent
FNDA:0,(anonymous_5)
FNDA:0,mapStateToProps
DA:19,0
DA:22,0
DA:46,0
LF:3
LH:0
BRDA:19,1,0,0
BRDA:19,1,1,0
BRDA:22,2,0,0
BRDA:22,2,1,0
BRDA:25,3,0,0
BRDA:25,3,1,0
BRDA:25,3,2,0
BRDA:25,3,3,0
BRDA:25,3,4,0
BRDA:25,3,5,0
BRDA:46,4,0,0
BRDA:46,4,1,0
BRF:12
BRH:0
end_of_record
TN:
SF:/Users/jwalsh/Documents/42/red_tetris/src/client/containers/app/main/main.js
FN:15,Main
FN:17,startGame
FN:20,quitGame
FN:25,updateName
FN:95,mapStateToProps
FN:111,mapDispatchToProps
FNF:6
FNH:0
FNDA:0,Main
FNDA:0,startGame
FNDA:0,quitGame
FNDA:0,updateName
FNDA:0,mapStateToProps
FNDA:0,mapDispatchToProps
DA:29,0
DA:42,0
DA:47,0
DA:48,0
DA:60,0
LF:5
LH:0
BRDA:29,1,0,0
BRDA:29,1,1,0
BRDA:29,2,0,0
BRDA:29,2,1,0
BRDA:42,3,0,0
BRDA:42,3,1,0
BRDA:42,4,0,0
BRDA:42,4,1,0
BRDA:47,5,0,0
BRDA:47,5,1,0
BRDA:48,6,0,0
BRDA:48,6,1,0
BRDA:60,7,0,0
BRDA:60,7,1,0
BRF:14
BRH:0
end_of_record
TN:
SF:/Users/jwalsh/Documents/42/red_tetris/src/client/index.js
FNF:0
FNH:0
LF:0
LH:0
BRF:0
BRH:0
end_of_record
TN:
SF:/Users/jwalsh/Documents/42/red_tetris/src/client/initialState.js
FNF:0
FNH:0
LF:0
LH:0
BRF:0
BRH:0
end_of_record
TN:
SF:/Users/jwalsh/Documents/42/red_tetris/src/client/middleware/storeStateMiddleWare.js
FN:1,storeStateMiddleWare
FN:2,(anonymous_3)
FNF:2
FNH:0
FNDA:0,storeStateMiddleWare
FNDA:0,(anonymous_3)
LF:0
LH:0
BRF:0
BRH:0
end_of_record
TN:
SF:/Users/jwalsh/Documents/42/red_tetris/src/client/reducers/index.js
FN:7,updateHostList
FN:16,updatePlayerName
FN:44,updateSelectedGame
FN:51,updateGameJoined
FN:60,updateGameState
FN:75,updateShadowState
FN:95,updateHostStatus
FN:103,updatePlayerUUID
FN:111,updateError
FN:131,resetState
FN:144,updateGameStart
FN:151,isWinner
FN:158,isWinnerByScore
FN:165,reducer
FNF:14
FNH:0
FNDA:0,updateHostList
FNDA:0,updatePlayerName
FNDA:0,updateSelectedGame
FNDA:0,updateGameJoined
FNDA:0,updateGameState
FNDA:0,updateShadowState
FNDA:0,updateHostStatus
FNDA:0,updatePlayerUUID
FNDA:0,updateError
FNDA:0,resetState
FNDA:0,updateGameStart
FNDA:0,isWinner
FNDA:0,isWinnerByScore
FNDA:0,reducer
DA:20,0
DA:78,0
DA:84,0
DA:112,0
DA:181,0
LF:5
LH:0
BRDA:20,1,0,0
BRDA:20,1,1,0
BRDA:47,2,0,0
BRDA:47,2,1,0
BRDA:78,3,0,0
BRDA:78,3,1,0
BRDA:84,4,0,0
BRDA:84,4,1,0
BRDA:112,5,0,0
BRDA:112,5,1,0
BRDA:165,6,0,0
BRDA:165,6,1,0
BRDA:165,7,0,0
BRDA:165,7,1,0
BRDA:168,8,0,0
BRDA:168,8,1,0
BRDA:168,8,2,0
BRDA:168,8,3,0
BRDA:168,8,4,0
BRDA:168,8,5,0
BRDA:168,8,6,0
BRDA:168,8,7,0
BRDA:168,8,8,0
BRDA:168,8,9,0
BRDA:168,8,10,0
BRDA:168,8,11,0
BRDA:168,8,12,0
BRDA:168,8,13,0
BRF:28
BRH:0
end_of_record
TN:
SF:/Users/jwalsh/Documents/42/red_tetris/src/client/socket.js
FN:12,(anonymous_3)
FN:16,(anonymous_4)
FN:22,(anonymous_5)
FN:26,(anonymous_6)
FN:30,(anonymous_7)
FN:34,(anonymous_8)
FN:38,(anonymous_9)
FN:42,(anonymous_10)
FN:46,(anonymous_11)
FN:50,(anonymous_12)
FN:56,(anonymous_13)
FN:61,(anonymous_14)
FN:66,readHash
FN:82,updateHash
FN:90,(anonymous_17)
FNF:15
FNH:0
FNDA:0,(anonymous_3)
FNDA:0,(anonymous_4)
FNDA:0,(anonymous_5)
FNDA:0,(anonymous_6)
FNDA:0,(anonymous_7)
FNDA:0,(anonymous_8)
FNDA:0,(anonymous_9)
FNDA:0,(anonymous_10)
FNDA:0,(anonymous_11)
FNDA:0,(anonymous_12)
FNDA:0,(anonymous_13)
FNDA:0,(anonymous_14)
FNDA:0,readHash
FNDA:0,updateHash
FNDA:0,(anonymous_17)
DA:72,0
DA:74,0
DA:83,0
LF:3
LH:0
BRDA:72,1,0,0
BRDA:72,1,1,0
BRDA:74,2,0,0
BRDA:74,2,1,0
BRDA:83,3,0,0
BRDA:83,3,1,0
BRDA:83,4,0,0
BRDA:83,4,1,0
BRF:8
BRH:0
end_of_record
TN:
SF:/Users/jwalsh/Documents/42/red_tetris/src/client/store.js
FNF:0
FNH:0
LF:0
LH:0
BRF:0
BRH:0
end_of_record
TN:
SF:/Users/jwalsh/Documents/42/red_tetris/src/server/classes/Board.js
FN:26,Board
FN:35,getPiecesFromGame
FN:36,updateScoreAndFrozenLinesInGame
FN:37,checkForEndGame
FNF:4
FNH:4
FNDA:38,Board
FNDA:4,getPiecesFromGame
FNDA:1,updateScoreAndFrozenLinesInGame
FNDA:1,checkForEndGame
DA:26,2
DA:43,38
DA:63,6
DA:78,6
DA:82,4
DA:103,11
DA:115,79
DA:116,78
DA:128,91
DA:129,91
DA:130,319
DA:131,1195
DA:133,281
DA:138,279
DA:153,2
DA:154,2
DA:155,8
DA:156,32
DA:181,17
DA:186,8
DA:187,8
DA:188,8
DA:189,8
DA:190,8
DA:191,8
DA:192,8
DA:197,3
DA:201,2
DA:208,3
DA:212,2
DA:219,3
DA:223,2
DA:233,3
DA:236,2
DA:239,40
DA:255,5
DA:257,4
DA:259,80
DA:260,800
DA:264,80
DA:266,1
DA:272,4
DA:281,5
DA:283,3
DA:284,12
DA:286,48
DA:292,3
DA:324,4
DA:325,80
DA:326,800
DA:327,9
DA:337,2
DA:338,40
DA:339,400
LF:54
LH:54
BRDA:63,1,0,1
BRDA:63,1,1,5
BRDA:63,2,0,6
BRDA:63,2,1,5
BRDA:63,2,2,5
BRDA:78,3,0,2
BRDA:78,3,1,4
BRDA:82,4,0,1
BRDA:82,4,1,3
BRDA:103,5,0,1
BRDA:103,5,1,10
BRDA:115,6,0,1
BRDA:115,6,1,78
BRDA:116,7,0,1
BRDA:116,7,1,77
BRDA:116,8,0,78
BRDA:116,8,1,77
BRDA:116,8,2,77
BRDA:128,9,0,0
BRDA:128,9,1,91
BRDA:131,10,0,281
BRDA:131,10,1,914
BRDA:133,11,0,2
BRDA:133,11,1,279
BRDA:133,12,0,281
BRDA:133,12,1,281
BRDA:133,12,2,281
BRDA:133,12,3,279
BRDA:138,13,0,34
BRDA:138,13,1,245
BRDA:138,14,0,279
BRDA:138,14,1,34
BRDA:152,15,0,2
BRDA:152,15,1,0
BRDA:152,16,0,2
BRDA:152,16,1,2
BRDA:153,17,0,0
BRDA:153,17,1,2
BRDA:156,18,0,8
BRDA:156,18,1,24
BRDA:156,19,0,32
BRDA:156,19,1,8
BRDA:181,20,0,9
BRDA:181,20,1,8
BRDA:186,21,0,7
BRDA:186,21,1,1
BRDA:187,22,0,6
BRDA:187,22,1,2
BRDA:188,23,0,5
BRDA:188,23,1,3
BRDA:189,24,0,4
BRDA:189,24,1,4
BRDA:190,25,0,3
BRDA:190,25,1,5
BRDA:191,26,0,2
BRDA:191,26,1,6
BRDA:192,27,0,7
BRDA:192,27,1,1
BRDA:197,28,0,1
BRDA:197,28,1,2
BRDA:201,29,0,1
BRDA:201,29,1,1
BRDA:208,30,0,1
BRDA:208,30,1,2
BRDA:212,31,0,1
BRDA:212,31,1,1
BRDA:219,32,0,1
BRDA:219,32,1,2
BRDA:223,33,0,1
BRDA:223,33,1,1
BRDA:233,34,0,1
BRDA:233,34,1,2
BRDA:239,35,0,2
BRDA:239,35,1,38
BRDA:239,36,0,40
BRDA:239,36,1,2
BRDA:255,37,0,1
BRDA:255,37,1,4
BRDA:260,38,0,782
BRDA:260,38,1,18
BRDA:264,39,0,1
BRDA:264,39,1,79
BRDA:272,40,0,1
BRDA:272,40,1,3
BRDA:281,41,0,2
BRDA:281,41,1,3
BRDA:286,42,0,12
BRDA:286,42,1,36
BRDA:286,43,0,48
BRDA:286,43,1,48
BRDA:326,44,0,9
BRDA:326,44,1,791
BRDA:339,45,0,398
BRDA:339,45,1,2
BRF:94
BRH:91
end_of_record
TN:
SF:/Users/jwalsh/Documents/42/red_tetris/src/server/classes/Game.js
FN:11,Game
FN:45,getPiecesFromGame
FN:54,updateScoreAndFrozenLinesInGame
FN:62,(anonymous_16)
FN:69,checkForEndGame
FNF:5
FNH:5
FNDA:12,Game
FNDA:4,getPiecesFromGame
FNDA:1,updateScoreAndFrozenLinesInGame
FNDA:2,(anonymous_16)
FNDA:1,checkForEndGame
DA:11,2
DA:17,12
DA:20,12
DA:42,7
DA:46,4
DA:49,4
DA:61,1
DA:63,2
DA:70,1
DA:80,3
DA:89,3
DA:91,3
DA:92,2
LF:13
LH:13
BRDA:20,1,0,12
BRDA:20,1,1,0
BRDA:42,2,0,1
BRDA:42,2,1,6
BRDA:46,3,0,4
BRDA:46,3,1,0
BRDA:49,4,0,3
BRDA:49,4,1,1
BRDA:61,5,0,1
BRDA:61,5,1,0
BRDA:63,6,0,2
BRDA:63,6,1,0
BRDA:70,7,0,1
BRDA:70,7,1,0
BRDA:80,8,0,1
BRDA:80,8,1,2
BRDA:89,9,0,3
BRDA:89,9,1,0
BRDA:91,10,0,2
BRDA:91,10,1,1
BRDA:91,11,0,3
BRDA:91,11,1,2
BRDA:92,12,0,5
BRDA:92,12,1,3
BRF:24
BRH:18
end_of_record
TN:
SF:/Users/jwalsh/Documents/42/red_tetris/src/server/classes/Piece.js
FN:47,Piece
FNF:1
FNH:1
FNDA:156,Piece
DA:22,60
DA:33,6
DA:35,6
DA:37,60
DA:47,2
DA:48,156
DA:66,156
DA:93,78
LF:8
LH:8
BRDA:22,1,0,5
BRDA:22,1,1,55
BRDA:33,2,0,0
BRDA:33,2,1,6
BRDA:37,3,0,54
BRDA:37,3,1,6
BRDA:48,4,0,72
BRDA:48,4,1,84
BRDA:64,5,0,72
BRDA:64,5,1,84
BRDA:64,6,0,156
BRDA:64,6,1,155
BRDA:66,7,0,0
BRDA:66,7,1,156
BRDA:66,8,0,156
BRDA:66,8,1,156
BRDA:91,9,0,78
BRDA:91,9,1,0
BRDA:91,10,0,78
BRDA:91,10,1,78
BRDA:93,11,0,0
BRDA:93,11,1,78
BRDA:93,12,0,78
BRDA:93,12,1,78
BRF:24
BRH:20
end_of_record
TN:
SF:/Users/jwalsh/Documents/42/red_tetris/src/server/classes/Player.js
FN:6,Player
FNF:1
FNH:1
FNDA:6,Player
LF:0
LH:0
BRF:0
BRH:0
end_of_record
TN:
SF:/Users/jwalsh/Documents/42/red_tetris/src/server/classes/Server.js
FN:10,Server
FN:34,(anonymous_13)
FN:55,(anonymous_14)
FN:105,(anonymous_22)
FN:156,(anonymous_25)
FN:195,(anonymous_29)
FN:200,(anonymous_30)
FN:201,(anonymous_31)
FN:214,(anonymous_32)
FN:271,(anonymous_35)
FN:308,(anonymous_38)
FN:312,(anonymous_39)
FN:325,(anonymous_41)
FNF:13
FNH:5
FNDA:2,Server
FNDA:3,(anonymous_13)
FNDA:1,(anonymous_14)
FNDA:0,(anonymous_22)
FNDA:0,(anonymous_25)
FNDA:1,(anonymous_29)
FNDA:0,(anonymous_30)
FNDA:0,(anonymous_31)
FNDA:0,(anonymous_32)
FNDA:1,(anonymous_35)
FNDA:0,(anonymous_38)
FNDA:0,(anonymous_39)
FNDA:0,(anonymous_41)
DA:10,2
DA:22,4
DA:23,3
DA:39,3
DA:58,1
DA:81,1
DA:82,1
DA:102,0
DA:115,0
DA:120,0
DA:142,0
DA:191,1
DA:202,0
DA:203,0
DA:214,0
DA:215,0
DA:218,0
DA:240,1
DA:276,1
DA:288,1
DA:292,1
DA:299,0
DA:315,0
LF:23
LH:12
BRDA:39,1,0,2
BRDA:39,1,1,1
BRDA:58,2,0,1
BRDA:58,2,1,0
BRDA:23,3,0,1
BRDA:23,3,1,2
BRDA:23,4,0,3
BRDA:23,4,1,2
BRDA:23,4,2,1
BRDA:68,5,0,1
BRDA:68,5,1,2
BRDA:68,6,0,3
BRDA:68,6,1,1
BRDA:82,7,0,0
BRDA:82,7,1,1
BRDA:82,8,0,1
BRDA:82,8,1,0
BRDA:102,9,0,0
BRDA:102,9,1,0
BRDA:115,10,0,0
BRDA:115,10,1,0
BRDA:115,11,0,0
BRDA:115,11,1,0
BRDA:120,12,0,0
BRDA:120,12,1,0
BRDA:142,13,0,0
BRDA:142,13,1,0
BRDA:164,14,0,0
BRDA:164,14,1,1
BRDA:191,15,0,0
BRDA:191,15,1,1
BRDA:191,16,0,1
BRDA:191,16,1,1
BRDA:202,17,0,0
BRDA:202,17,1,0
BRDA:203,18,0,0
BRDA:203,18,1,0
BRDA:214,19,0,0
BRDA:214,19,1,0
BRDA:215,20,0,0
BRDA:215,20,1,0
BRDA:218,21,0,0
BRDA:218,21,1,0
BRDA:218,22,0,0
BRDA:218,22,1,0
BRDA:240,23,0,0
BRDA:240,23,1,1
BRDA:244,24,0,1
BRDA:244,24,1,0
BRDA:244,24,2,0
BRDA:244,24,3,0
BRDA:244,24,4,0
BRDA:244,24,5,0
BRDA:276,25,0,1
BRDA:276,25,1,0
BRDA:276,26,0,1
BRDA:276,26,1,1
BRDA:288,27,0,0
BRDA:288,27,1,1
BRDA:292,28,0,1
BRDA:292,28,1,0
BRDA:299,29,0,0
BRDA:299,29,1,0
BRF:63
BRH:25
end_of_record
TN:
SF:/Users/jwalsh/Documents/42/red_tetris/src/server/index.js
FN:14,initApp
FN:17,handler
FN:20,(anonymous_5)
FN:33,(anonymous_6)
FN:41,initEngine
FN:43,(anonymous_8)
FN:51,(anonymous_9)
FN:58,(anonymous_10)
FN:63,(anonymous_11)
FN:67,(anonymous_12)
FN:71,(anonymous_13)
FN:75,(anonymous_14)
FN:79,(anonymous_15)
FN:84,(anonymous_16)
FN:92,create
FN:93,(anonymous_18)
FN:95,(anonymous_19)
FN:97,stop
FN:99,(anonymous_21)
FNF:19
FNH:14
FNDA:1,initApp
FNDA:0,handler
FNDA:0,(anonymous_5)
FNDA:1,(anonymous_6)
FNDA:1,initEngine
FNDA:1,(anonymous_8)
FNDA:0,(anonymous_9)
FNDA:1,(anonymous_10)
FNDA:0,(anonymous_11)
FNDA:1,(anonymous_12)
FNDA:1,(anonymous_13)
FNDA:1,(anonymous_14)
FNDA:1,(anonymous_15)
FNDA:0,(anonymous_16)
FNDA:1,create
FNDA:1,(anonymous_18)
FNDA:1,(anonymous_19)
FNDA:1,stop
FNDA:1,(anonymous_21)
DA:21,0
DA:92,2
LF:2
LH:1
BRDA:19,1,0,0
BRDA:19,1,1,0
BRDA:21,2,0,0
BRDA:21,2,1,0
BRF:4
BRH:0
end_of_record
TN:
SF:/Users/jwalsh/Documents/42/red_tetris/src/server/main.js
FNF:0
FNH:0
LF:0
LH:0
BRF:0
BRH:0
end_of_record
TN:
SF:/Users/jwalsh/Documents/42/red_tetris/src/server/serverActions.js
FNF:0
FNH:0
LF:0
LH:0
BRF:0
BRH:0
end_of_record
